[0.618s] Invoking command in '/home/mitzi/ros2_ws/src/NeatoWarmUpProject/warmup_project/build/warmup_project': PYTHONPATH=/home/mitzi/ros2_ws/src/NeatoWarmUpProject/warmup_project/install/warmup_project/lib/python3.8/site-packages:${PYTHONPATH} /usr/bin/python3 setup.py develop --prefix /home/mitzi/ros2_ws/src/NeatoWarmUpProject/warmup_project/install/warmup_project --editable --build-directory /home/mitzi/ros2_ws/src/NeatoWarmUpProject/warmup_project/build/warmup_project/build --no-deps install_data --install-dir /home/mitzi/ros2_ws/src/NeatoWarmUpProject/warmup_project/install/warmup_project
[0.847s] running develop
[0.981s] running egg_info
[0.981s] creating warmup_project.egg-info
[0.981s] writing warmup_project.egg-info/PKG-INFO
[0.982s] writing dependency_links to warmup_project.egg-info/dependency_links.txt
[0.982s] writing entry points to warmup_project.egg-info/entry_points.txt
[0.982s] writing requirements to warmup_project.egg-info/requires.txt
[0.982s] writing top-level names to warmup_project.egg-info/top_level.txt
[0.985s] writing manifest file 'warmup_project.egg-info/SOURCES.txt'
[1.016s] reading manifest file 'warmup_project.egg-info/SOURCES.txt'
[1.017s] writing manifest file 'warmup_project.egg-info/SOURCES.txt'
[1.048s] running build_ext
[1.049s] Creating /home/mitzi/ros2_ws/src/NeatoWarmUpProject/warmup_project/install/warmup_project/lib/python3.8/site-packages/site.py
[1.050s] Creating /home/mitzi/ros2_ws/src/NeatoWarmUpProject/warmup_project/install/warmup_project/lib/python3.8/site-packages/warmup-project.egg-link (link to .)
[1.051s] Installing drive_square script to /home/mitzi/ros2_ws/src/NeatoWarmUpProject/warmup_project/install/warmup_project/lib/warmup_project
[1.051s] Installing obstacle_avoider script to /home/mitzi/ros2_ws/src/NeatoWarmUpProject/warmup_project/install/warmup_project/lib/warmup_project
[1.051s] Installing person_follower script to /home/mitzi/ros2_ws/src/NeatoWarmUpProject/warmup_project/install/warmup_project/lib/warmup_project
[1.051s] Installing teleop script to /home/mitzi/ros2_ws/src/NeatoWarmUpProject/warmup_project/install/warmup_project/lib/warmup_project
[1.052s] Installing visualization_publisher script to /home/mitzi/ros2_ws/src/NeatoWarmUpProject/warmup_project/install/warmup_project/lib/warmup_project
[1.052s] Installing wall_follower script to /home/mitzi/ros2_ws/src/NeatoWarmUpProject/warmup_project/install/warmup_project/lib/warmup_project
[1.052s] 
[1.052s] Installed /home/mitzi/ros2_ws/src/NeatoWarmUpProject/warmup_project/build/warmup_project
[1.052s] running install_data
[1.052s] creating /home/mitzi/ros2_ws/src/NeatoWarmUpProject/warmup_project/install/warmup_project/share/ament_index
[1.052s] creating /home/mitzi/ros2_ws/src/NeatoWarmUpProject/warmup_project/install/warmup_project/share/ament_index/resource_index
[1.052s] creating /home/mitzi/ros2_ws/src/NeatoWarmUpProject/warmup_project/install/warmup_project/share/ament_index/resource_index/packages
[1.052s] copying resource/warmup_project -> /home/mitzi/ros2_ws/src/NeatoWarmUpProject/warmup_project/install/warmup_project/share/ament_index/resource_index/packages
[1.052s] copying package.xml -> /home/mitzi/ros2_ws/src/NeatoWarmUpProject/warmup_project/install/warmup_project/share/warmup_project
[1.072s] Invoked command in '/home/mitzi/ros2_ws/src/NeatoWarmUpProject/warmup_project/build/warmup_project' returned '0': PYTHONPATH=/home/mitzi/ros2_ws/src/NeatoWarmUpProject/warmup_project/install/warmup_project/lib/python3.8/site-packages:${PYTHONPATH} /usr/bin/python3 setup.py develop --prefix /home/mitzi/ros2_ws/src/NeatoWarmUpProject/warmup_project/install/warmup_project --editable --build-directory /home/mitzi/ros2_ws/src/NeatoWarmUpProject/warmup_project/build/warmup_project/build --no-deps install_data --install-dir /home/mitzi/ros2_ws/src/NeatoWarmUpProject/warmup_project/install/warmup_project
