running develop
running egg_info
writing warmup_project.egg-info/PKG-INFO
writing dependency_links to warmup_project.egg-info/dependency_links.txt
writing entry points to warmup_project.egg-info/entry_points.txt
writing requirements to warmup_project.egg-info/requires.txt
writing top-level names to warmup_project.egg-info/top_level.txt
reading manifest file 'warmup_project.egg-info/SOURCES.txt'
writing manifest file 'warmup_project.egg-info/SOURCES.txt'
running build_ext
Creating /home/mitzi/ros2_ws/src/NeatoWarmUpProject/warmup_project/install/warmup_project/lib/python3.8/site-packages/warmup-project.egg-link (link to .)
Installing drive_square script to /home/mitzi/ros2_ws/src/NeatoWarmUpProject/warmup_project/install/warmup_project/lib/warmup_project
Installing finite_state_controller script to /home/mitzi/ros2_ws/src/NeatoWarmUpProject/warmup_project/install/warmup_project/lib/warmup_project
Installing obstacle_avoider script to /home/mitzi/ros2_ws/src/NeatoWarmUpProject/warmup_project/install/warmup_project/lib/warmup_project
Installing person_follower script to /home/mitzi/ros2_ws/src/NeatoWarmUpProject/warmup_project/install/warmup_project/lib/warmup_project
Installing teleop script to /home/mitzi/ros2_ws/src/NeatoWarmUpProject/warmup_project/install/warmup_project/lib/warmup_project
Installing visualization_publisher script to /home/mitzi/ros2_ws/src/NeatoWarmUpProject/warmup_project/install/warmup_project/lib/warmup_project
Installing wall_follower script to /home/mitzi/ros2_ws/src/NeatoWarmUpProject/warmup_project/install/warmup_project/lib/warmup_project

Installed /home/mitzi/ros2_ws/src/NeatoWarmUpProject/warmup_project/build/warmup_project
running install_data
