[0.599s] Invoking command in '/home/mitzi/ros2_ws/src/NeatoWarmUpProject/warmup_project/build/warmup_project': PYTHONPATH=/home/mitzi/ros2_ws/src/NeatoWarmUpProject/warmup_project/install/warmup_project/lib/python3.8/site-packages:${PYTHONPATH} /usr/bin/python3 setup.py develop --prefix /home/mitzi/ros2_ws/src/NeatoWarmUpProject/warmup_project/install/warmup_project --editable --build-directory /home/mitzi/ros2_ws/src/NeatoWarmUpProject/warmup_project/build/warmup_project/build --no-deps install_data --install-dir /home/mitzi/ros2_ws/src/NeatoWarmUpProject/warmup_project/install/warmup_project
[0.824s] running develop
[0.955s] running egg_info
[0.955s] writing warmup_project.egg-info/PKG-INFO
[0.955s] writing dependency_links to warmup_project.egg-info/dependency_links.txt
[0.955s] writing entry points to warmup_project.egg-info/entry_points.txt
[0.956s] writing requirements to warmup_project.egg-info/requires.txt
[0.956s] writing top-level names to warmup_project.egg-info/top_level.txt
[0.985s] reading manifest file 'warmup_project.egg-info/SOURCES.txt'
[0.986s] writing manifest file 'warmup_project.egg-info/SOURCES.txt'
[1.020s] running build_ext
[1.020s] Creating /home/mitzi/ros2_ws/src/NeatoWarmUpProject/warmup_project/install/warmup_project/lib/python3.8/site-packages/warmup-project.egg-link (link to .)
[1.021s] Installing drive_square script to /home/mitzi/ros2_ws/src/NeatoWarmUpProject/warmup_project/install/warmup_project/lib/warmup_project
[1.021s] Installing finite_state_controller script to /home/mitzi/ros2_ws/src/NeatoWarmUpProject/warmup_project/install/warmup_project/lib/warmup_project
[1.021s] Installing obstacle_avoider script to /home/mitzi/ros2_ws/src/NeatoWarmUpProject/warmup_project/install/warmup_project/lib/warmup_project
[1.021s] Installing person_follower script to /home/mitzi/ros2_ws/src/NeatoWarmUpProject/warmup_project/install/warmup_project/lib/warmup_project
[1.022s] Installing teleop script to /home/mitzi/ros2_ws/src/NeatoWarmUpProject/warmup_project/install/warmup_project/lib/warmup_project
[1.022s] Installing visualization_publisher script to /home/mitzi/ros2_ws/src/NeatoWarmUpProject/warmup_project/install/warmup_project/lib/warmup_project
[1.022s] Installing wall_follower script to /home/mitzi/ros2_ws/src/NeatoWarmUpProject/warmup_project/install/warmup_project/lib/warmup_project
[1.022s] 
[1.022s] Installed /home/mitzi/ros2_ws/src/NeatoWarmUpProject/warmup_project/build/warmup_project
[1.022s] running install_data
[1.046s] Invoked command in '/home/mitzi/ros2_ws/src/NeatoWarmUpProject/warmup_project/build/warmup_project' returned '0': PYTHONPATH=/home/mitzi/ros2_ws/src/NeatoWarmUpProject/warmup_project/install/warmup_project/lib/python3.8/site-packages:${PYTHONPATH} /usr/bin/python3 setup.py develop --prefix /home/mitzi/ros2_ws/src/NeatoWarmUpProject/warmup_project/install/warmup_project --editable --build-directory /home/mitzi/ros2_ws/src/NeatoWarmUpProject/warmup_project/build/warmup_project/build --no-deps install_data --install-dir /home/mitzi/ros2_ws/src/NeatoWarmUpProject/warmup_project/install/warmup_project
